<?xml version="1.0" encoding="UTF-8"?>
<testng-results ignored="0" total="5" passed="5" failed="0" skipped="0">
  <reporter-output>
  </reporter-output>
  <suite started-at="2023-09-02T10:51:55 IST" name="Suite" finished-at="2023-09-02T10:54:47 IST" duration-ms="171418">
    <groups>
    </groups>
    <test started-at="2023-09-02T10:51:55 IST" name="nykaa" finished-at="2023-09-02T10:54:47 IST" duration-ms="171418">
      <class name="com.nykaa.Runnernykaa">
        <test-method is-config="true" signature="browserLaunch()[pri:0, instance:com.nykaa.Runnernykaa@70cf32e3]" started-at="2023-09-02T10:51:33 IST" name="browserLaunch" finished-at="2023-09-02T10:51:55 IST" duration-ms="22775" status="PASS">
          <reporter-output>
          </reporter-output>
        </test-method> <!-- browserLaunch -->
        <test-method is-config="true" signature="delCookies()[pri:0, instance:com.nykaa.Runnernykaa@70cf32e3]" started-at="2023-09-02T10:51:55 IST" name="delCookies" finished-at="2023-09-02T10:52:15 IST" duration-ms="19604" status="PASS">
          <reporter-output>
          </reporter-output>
        </test-method> <!-- delCookies -->
        <test-method signature="LoginPage()[pri:0, instance:com.nykaa.Runnernykaa@70cf32e3]" started-at="2023-09-02T10:52:15 IST" name="LoginPage" finished-at="2023-09-02T10:53:16 IST" duration-ms="60861" status="PASS">
          <reporter-output>
          </reporter-output>
        </test-method> <!-- LoginPage -->
        <test-method signature="productSerach()[pri:1, instance:com.nykaa.Runnernykaa@70cf32e3]" started-at="2023-09-02T10:53:16 IST" name="productSerach" finished-at="2023-09-02T10:53:43 IST" duration-ms="26707" status="PASS">
          <reporter-output>
          </reporter-output>
        </test-method> <!-- productSerach -->
        <test-method signature="Cart()[pri:2, instance:com.nykaa.Runnernykaa@70cf32e3]" started-at="2023-09-02T10:53:43 IST" name="Cart" finished-at="2023-09-02T10:54:11 IST" duration-ms="28488" status="PASS">
          <reporter-output>
          </reporter-output>
        </test-method> <!-- Cart -->
        <test-method signature="payment()[pri:3, instance:com.nykaa.Runnernykaa@70cf32e3]" started-at="2023-09-02T10:54:11 IST" name="payment" finished-at="2023-09-02T10:54:46 IST" duration-ms="35168" status="PASS">
          <reporter-output>
          </reporter-output>
        </test-method> <!-- payment -->
        <test-method signature="screenShot()[pri:0, instance:com.nykaa.Runnernykaa@70cf32e3]" started-at="2023-09-02T10:54:46 IST" name="screenShot" finished-at="2023-09-02T10:54:47 IST" depends-on-methods="com.nykaa.Runnernykaa.payment" duration-ms="333" status="PASS">
          <reporter-output>
          </reporter-output>
        </test-method> <!-- screenShot -->
      </class> <!-- com.nykaa.Runnernykaa -->
    </test> <!-- nykaa -->
  </suite> <!-- Suite -->
</testng-results>
